Mon 18:30: ########################################## 
Mon 18:30: Compiling.
Mon 18:30: ########################################## 

Mon 18:30: MaxCompiler version: 2014.2.
Mon 18:30: Build Simulation run rule for DFE_tmLQCD start time: Mon Jun 22 18:30:02 BST 2015.
Mon 18:30: Project location: /home/skamali/workspace3/DFE_tmLQCD.
Mon 18:30: Detailed build log: /home/skamali/workspace3/DFE_tmLQCD/RunRules/Simulation/build.log.

Mon 18:30: Compiling Engine Code.
Mon 18:30: Building S_LQCD.max file. 
Mon 18:30: Setting environment variable:
Mon 18:30: MAXCOMPILER_BUILD_DIR : /network-scratch/skamali/maxdc_builds/
Mon 18:30: MAX_BUILDPARAMS : DFEModel='GALAVA' target='DFE_SIM' maxFileName='S_LQCD'  
Mon 18:30: Building output:
Mon 18:30: MaxCompiler version: 2014.2
Mon 18:30: Build "S_LQCD" start time: Mon Jun 22 18:30:04 BST 2015
Mon 18:30: Main build process running as user skamali on host nxws27.office.maxeler.com
Mon 18:30: Build location: /scratch/skamali/maxdc_builds/22-06-15/S_LQCD_DFE_SIM_L4_T4
Mon 18:30: Detailed build log available in "_build.log"
Mon 18:30: 
Mon 18:30: ENGINE BUILD PARAMETERS
Mon 18:30: 	 Build name: S_LQCD_DFE_SIM_L4_T4
Mon 18:30: 	   DFEModel: GALAVA              
Mon 18:30: 	maxFileName: S_LQCD              
Mon 18:30: 	     target: DFE_SIM             
Mon 18:30: 	 enableMPCX: false               
Mon 18:30: 	          L: 4                   
Mon 18:30: 	          T: 4                   
Mon 18:30: 	     VOLUME: 256                 
Mon 18:30: 	          P: 2                   
Mon 18:30: Instantiating kernel "times1kernel"
Mon 18:30: 
Mon 18:30: Compiling kernel "times1kernel"
Mon 18:30: WARNING: Warning (UNCONNECTED_DESIGN_ELEMENT):
Mon 18:30: WARNING: Unconnected elements in design 'times1kernel'
Mon 18:30: WARNING: details in : /scratch/skamali/maxdc_builds/22-06-15/S_LQCD_DFE_SIM_L4_T4/scratch/times1kernel_graph_warnings.txt
Mon 18:30: WARNING: Transitioning from non-multiple stream widths 128 to 576 via a stream of width 1152 is suboptimal for performance and resource utilization.  Use Manager.setAllowNonMultipleTransitions(true) or config.setAllowNonMultipleTransitions(true) (in a CustomManager) to allow such transitions.
Mon 18:30: WARNING: Source='times1kernel_gauge0.times1kernel_gauge0' Sink='times1kernel.times1kernel_gauge0'
Mon 18:30: WARNING: Transitioning from non-multiple stream widths 128 to 576 via a stream of width 1152 is suboptimal for performance and resource utilization.  Use Manager.setAllowNonMultipleTransitions(true) or config.setAllowNonMultipleTransitions(true) (in a CustomManager) to allow such transitions.
Mon 18:30: WARNING: Source='times1kernel_gauge1.times1kernel_gauge1' Sink='times1kernel.times1kernel_gauge1'
Mon 18:30: Running back-end simulation build (3 phases)
Mon 18:30: (1/3) - Prepare MaxFile Data (GenerateMaxFileDataFile)
Mon 18:30: (2/3) - Compile Simulation Modules (SimCompilePass)
Mon 18:30: (3/3) - Generate MaxFile (AddSimObjectToMaxFilePass)
Mon 18:30: MaxFile: /scratch/skamali/maxdc_builds/22-06-15/S_LQCD_DFE_SIM_L4_T4/results/S_LQCD.max (MD5Sum: 5bcacf4cba2c5eef4edbe220032f7768)
Mon 18:30: Build completed: Mon Jun 22 18:30:24 BST 2015 (took 19 secs)
Mon 18:30: Executing command:
Mon 18:30: cp /home/skamali/workspace3/DFE_tmLQCD/RunRules/Simulation/maxfiles/S_LQCD.h /home/skamali/workspace3/DFE_tmLQCD/RunRules/Simulation/include/S_LQCD.h 
Mon 18:30: Command output:
Mon 18:30: Building: S_LQCD.max file finished.
Mon 18:30: Engine build finished.
Mon 18:30: Compiling CPU Code.
Mon 18:30: Run CPU project make files updating
Mon 18:30: Executing command:
Mon 18:30: java -jar /network-raid/opt/maxcompiler-2014.2/lib/MaxIDE/projectAdmin.jar -u /home/skamali/workspace3/DFE_tmLQCD Simulation 
Mon 18:30: Command output:

Mon 18:30: MaxCompiler Project Admin Tool Version 2014.2
Mon 18:30:  Copyright Maxeler Technologies 2010 - 2014. All rights reserved.
Mon 18:30: Handler version 2
Mon 18:30: Updating RunRule dependent Makefiles for RunRule 'Simulation'
Mon 18:30: 	Updating: Simulation
Mon 18:30: Found makefiles: 1
Mon 18:30: 	Updated: Simulation
Mon 18:30: Run CPU make.
Mon 18:30: make RUNRULE=Simulation 
Mon 18:30: Command output:
Mon 18:30: make -f Makefile.rules build
Mon 18:30: make[1]: Entering directory `/home/skamali/workspace3/DFE_tmLQCD/CPUCode'
Mon 18:30: set -e; rm -f ../RunRules/Simulation/objects/c/S_LQCDCpuCode.d ;                                                             \
Mon 18:30: 	  cc -M -std=gnu99 -g -O3 -Wall -Wextra -I../RunRules/Simulation/include  -I '/network-raid/opt/maxcompiler-2014.2/include/slic'  -Wno-error S_LQCDCpuCode.c > ../RunRules/Simulation/objects/c/S_LQCDCpuCode.d.$$ ;                                 \
Mon 18:30:       sed 's,\(S_LQCDCpuCode\)\.o[ :]*,../RunRules/Simulation/objects/c/\1.o ../RunRules/Simulation/objects/c/S_LQCDCpuCode.d : ,g' < ../RunRules/Simulation/objects/c/S_LQCDCpuCode.d.$$ > ../RunRules/Simulation/objects/c/S_LQCDCpuCode.d; \
Mon 18:30:       rm -f ../RunRules/Simulation/objects/c/S_LQCDCpuCode.d.$$
Mon 18:30: make[1]: Leaving directory `/home/skamali/workspace3/DFE_tmLQCD/CPUCode'
Mon 18:30: make[1]: Entering directory `/home/skamali/workspace3/DFE_tmLQCD/CPUCode'
Mon 18:30: "/network-raid/opt/maxcompiler-2014.2/bin/sliccompile" ../RunRules/Simulation/maxfiles/S_LQCD.max ../RunRules/Simulation/objects/maxfiles/slic_S_LQCD.o
Mon 18:30: Processing maxfile for MAX4412A_SIM from '../RunRules/Simulation/maxfiles/S_LQCD.max'.
Mon 18:30: gcc -std=gnu99 -Wall -Werror -fno-guess-branch-probability -frandom-seed=foo -Wno-unused-variable -Wno-unused-function -fPIC -I /network-raid/opt/maxcompiler-2014.2/include/slic -DMAXFILE_INC="/home/skamali/workspace3/DFE_tmLQCD/CPUCode/../RunRules/Simulation/maxfiles/S_LQCD.max" -DSLIC_NO_DESTRUCTORS -c /network-raid/opt/maxcompiler-2014.2/src/slicinterface/MaxFileInit.c -o slic_S_LQCD.o 
Mon 18:30: Copying .max file C object into '/home/skamali/workspace3/DFE_tmLQCD/CPUCode/../RunRules/Simulation/objects/maxfiles'
Mon 18:30: cc -std=gnu99 -g -O3 -Wall -Wextra -I../RunRules/Simulation/include  -I '/network-raid/opt/maxcompiler-2014.2/include/slic'  -c S_LQCDCpuCode.c -o ../RunRules/Simulation/objects/c/S_LQCDCpuCode.o
Mon 18:30: cc -std=gnu99 -g -O3 -Wall -Wextra -I../RunRules/Simulation/include  -I '/network-raid/opt/maxcompiler-2014.2/include/slic'  -o ../RunRules/Simulation/binaries/S_LQCD ../RunRules/Simulation/objects/maxfiles/slic_S_LQCD.o ../RunRules/Simulation/objects/c/S_LQCDCpuCode.o ../RunRules/Simulation/objects/c/geometry.o ../RunRules/Simulation/objects/c/hopping.o -g -O3  -L '/network-raid/opt/maxcompiler-2014.2/lib' -lslic -L '/network-raid/opt/maxeleros-2014.2/maxeleros/lib' -lmaxeleros -lpthread -lm -lrt 
Mon 18:30: make[1]: Leaving directory `/home/skamali/workspace3/DFE_tmLQCD/CPUCode'
Mon 18:30: Build completed: Mon Jun 22 18:30:28 BST 2015


Mon 18:30: ########################################## 
Mon 18:30: Running
Mon 18:30: ########################################## 
Mon 18:30: Executing command:
Mon 18:30: '/home/skamali/workspace3/DFE_tmLQCD/RunRules/Simulation/binaries/S_LQCD' 
Mon 18:30: Command output:
Mon 18:30: Running on DFE (mode: ComputeWithScalar)...
Mon 18:30: Done
Mon 18:30: Good.
Mon 18:30: Process terminated with exit code 0.
